Arguments: 
  /home/dan/.local/share/nvm/v15.6.0/bin/node /home/dan/.local/share/nvm/v15.6.0/bin/yarn init

PATH: 
  .:/home/dan/.opam/default/bin:.:.:.:.:/home/dan/.local/share/nvm/v15.6.0/bin:.:.:.:.:.:.:.:.:.:.:/home/dan/.cargo/bin:/home/dan/.opam/default/bin:/usr/local/bin:/usr/local/sbin:/usr/bin:/usr/bin/site_perl:/usr/bin/vendor_perl:/usr/bin/core_perl

Yarn version: 
  1.22.10

Node version: 
  15.6.0

Platform: 
  linux x64

Trace: 
  Error: canceled
      at Interface.<anonymous> (/home/dan/.local/share/nvm/v15.6.0/lib/node_modules/yarn/lib/cli.js:136216:13)
      at Interface.emit (node:events:379:20)
      at Interface._ttyWrite (node:readline:910:16)
      at ReadStream.onkeypress (node:readline:235:10)
      at ReadStream.emit (node:events:379:20)
      at emitKeys (node:internal/readline/utils:358:14)
      at emitKeys.next (<anonymous>)
      at ReadStream.onData (node:readline:1179:36)
      at ReadStream.emit (node:events:379:20)
      at addChunk (node:internal/streams/readable:313:12)

npm manifest: 
  No manifest

yarn manifest: 
  No manifest

Lockfile: 
  No lockfile
